<?xml version="1.0" encoding="UTF-8"?>
<testsuites>
  <testsuite name="Fantasy Football" timestamp="2021-12-05T20:01:02" time="395.269" tests="4" failures="1" errors="1" skipped="0">
    <properties>
      <property name="specId" value="0"/>
      <property name="featureName" value="Fantasy Football"/>
      <property name="capabilities" value="f3843b6.android.10"/>
      <property name="featureFile" value=".\features\fantasy-football.feature"/>
    </properties>
    <testcase classname="CucumberJUnitReport-f3843b6.android.10.Fantasy Football" name="Check achievements" time="89.421">
      <system-out><![CDATA[
✅ Given I am Authorized user✅ When I click 'Main menu icon' button✅ And I click 'Fantasy Football' link✅ Then I expect to see loading screen
✅ And I expect to see 'Fantasy Football' screen✅ Given I click '3 dots icon' button✅ And I click 'Achievements' button✅ Then I expect to see 'Achievements' screen✅ And I expect to see 'All achievements' tab
]]></system-out>
    </testcase>
    <testcase classname="CucumberJUnitReport-f3843b6.android.10.Fantasy Football" name="Check links on bottom menu" time="98.427">
      <system-out><![CDATA[
✅ Given I am Authorized user✅ When I click 'Main menu icon' button✅ And I click 'Fantasy Football' link✅ Then I expect to see loading screen
✅ And I expect to see 'Fantasy Football' screen✅ Given I click 'My team' button✅ Then I expect to see 'My team' screen✅ When I click 'Matches' button✅ And I expect to see 'Matches' screen✅ When I click 'Leagues' button✅ Then I expect to see 'Leagues' screen
]]></system-out>
    </testcase>
    <testcase classname="CucumberJUnitReport-f3843b6.android.10.Fantasy Football" name="Create League" time="111.504">
      <system-out><![CDATA[
✅ Given I am Authorized user✅ When I click 'Main menu icon' button✅ And I click 'Fantasy Football' link✅ Then I expect to see loading screen
✅ And I expect to see 'Fantasy Football' screen✅ Given I click 'Leagues' button✅ Then I expect to see 'Leagues' screen✅ And I click 'Create a league' button✅ Then I expect to see 'Create a league' popup✅ When I enter 'TestLeague' as a league name✅ And I click 'Create league' button✅ Then I expect to see message box 'You created a league'
✅ When I click 'Arrow icon League' button✅ Then I expect to see 'Leagues' screen
]]></system-out>
    </testcase>
    <testcase classname="CucumberJUnitReport-f3843b6.android.10.Fantasy Football" name="Edit and Delete league" time="95.871">
      <failure message="Error: element (&quot;(//*[@class='android.view.ViewGroup'][@index=5])/android.view.ViewGroup[@index=6]&quot;) still not displayed after 10000ms"><![CDATA[Error: element ("(//*[@class='android.view.ViewGroup'][@index=5])/android.view.ViewGroup[@index=6]") still not displayed after 10000ms
    at D:\Project\UEFA\mobile\gaminghub-automated-tests\gaming-hub-app\node_modules\@wdio\runner\node_modules\webdriverio\build\commands\browser\waitUntil.js:66:23
    at Element.elementErrorHandlerCallbackFn (D:\Project\UEFA\mobile\gaminghub-automated-tests\gaming-hub-app\node_modules\@wdio\runner\node_modules\webdriverio\build\middlewares.js:24:32)
    at Element.runCommandWithHooks (D:\Project\UEFA\mobile\gaminghub-automated-tests\gaming-hub-app\node_modules\@wdio\sync\build\wrapCommand.js:105:25)
    at Element.runCommandWithHooks (D:\Project\UEFA\mobile\gaminghub-automated-tests\gaming-hub-app\node_modules\@wdio\sync\build\wrapCommand.js:100:24)
    at Element.wrapCommandFn (D:\Project\UEFA\mobile\gaminghub-automated-tests\gaming-hub-app\node_modules\@wdio\sync\build\wrapCommand.js:67:44)
    at Element.<anonymous> (D:\Project\UEFA\mobile\gaminghub-automated-tests\gaming-hub-app\node_modules\@wdio\runner\node_modules\@wdio\utils\build\shim.js:270:24)
    at Element.elementErrorHandlerCallback (D:\Project\UEFA\mobile\gaminghub-automated-tests\gaming-hub-app\node_modules\@wdio\runner\node_modules\webdriverio\build\middlewares.js:48:12)
    at Element.waitForDisplayed (D:\Project\UEFA\mobile\gaminghub-automated-tests\gaming-hub-app\node_modules\@wdio\runner\node_modules\webdriverio\build\commands\element\waitForDisplayed.js:45:17)
    at Element.wrapCommandFn (D:\Project\UEFA\mobile\gaminghub-automated-tests\gaming-hub-app\node_modules\@wdio\sync\build\wrapCommand.js:60:23)
    at Element.elementErrorHandlerCallbackFn (D:\Project\UEFA\mobile\gaminghub-automated-tests\gaming-hub-app\node_modules\@wdio\runner\node_modules\webdriverio\build\middlewares.js:24:65)
    at processTicksAndRejections (internal/process/task_queues.js:97:5)
    at Element.waitForDisplayed (D:\Project\UEFA\mobile\gaminghub-automated-tests\gaming-hub-app\node_modules\@wdio\runner\node_modules\webdriverio\build\middlewares.js:48:12)
    at Function.waitAndClick (D:\Project\UEFA\mobile\gaminghub-automated-tests\gaming-hub-app\src\helpers\/actionHelpers.js:58:24)
    at uefaAppPage.clickButton (D:\Project\UEFA\mobile\gaminghub-automated-tests\gaming-hub-app\src\pages\/uefaApp.page.js:366:22)
    at World.<anonymous> (D:\Project\UEFA\mobile\gaminghub-automated-tests\gaming-hub-app\features\step_definitions\/when.steps.js:6:17)
    at World.executeSync (D:\Project\UEFA\mobile\gaminghub-automated-tests\gaming-hub-app\node_modules\@wdio\sync\build\index.js:38:22)
    at D:\Project\UEFA\mobile\gaminghub-automated-tests\gaming-hub-app\node_modules\@wdio\sync\build\index.js:69:73]]></failure>
      <error message="Error: element (&quot;(//*[@class='android.view.ViewGroup'][@index=5])/android.view.ViewGroup[@index=6]&quot;) still not displayed after 10000ms"/>
      <system-out><![CDATA[
✅ Given I am Authorized user✅ When I click 'Main menu icon' button✅ And I click 'Fantasy Football' link✅ Then I expect to see loading screen
✅ And I expect to see 'Fantasy Football' screen✅ Given I click 'Leagues' button✅ Then I expect to see 'Leagues' screen❗ When I click 'Manage league' button⚠️ Then I expect to see 'TestLeague' screen
⚠️ When I click 'Settings icon' button
⚠️ Then I expect to see 'League settings' screen
⚠️ When I click 'Pencil icon Fantasy' button
⚠️ And I delete my league name
⚠️ And I enter "TestLeague1" as new league name
⚠️ And I click 'Done' button
⚠️ And I expect the League name to be changed to "TestLeague1"
⚠️ When I click 'Delete league' button
⚠️ And I expect to see 'warning' popup
⚠️ When I click 'Yes, confirm' button
⚠️ Then I expect to see message box 'This league has been deleted'
⚠️ And I expect to see 'Leagues' screen
]]></system-out>
      <system-err><![CDATA[
Error: element ("(//*[@class='android.view.ViewGroup'][@index=5])/android.view.ViewGroup[@index=6]") still not displayed after 10000ms
    at D:\Project\UEFA\mobile\gaminghub-automated-tests\gaming-hub-app\node_modules\@wdio\runner\node_modules\webdriverio\build\commands\browser\waitUntil.js:66:23
    at Element.elementErrorHandlerCallbackFn (D:\Project\UEFA\mobile\gaminghub-automated-tests\gaming-hub-app\node_modules\@wdio\runner\node_modules\webdriverio\build\middlewares.js:24:32)
    at Element.runCommandWithHooks (D:\Project\UEFA\mobile\gaminghub-automated-tests\gaming-hub-app\node_modules\@wdio\sync\build\wrapCommand.js:105:25)
    at Element.runCommandWithHooks (D:\Project\UEFA\mobile\gaminghub-automated-tests\gaming-hub-app\node_modules\@wdio\sync\build\wrapCommand.js:100:24)
    at Element.wrapCommandFn (D:\Project\UEFA\mobile\gaminghub-automated-tests\gaming-hub-app\node_modules\@wdio\sync\build\wrapCommand.js:67:44)
    at Element.<anonymous> (D:\Project\UEFA\mobile\gaminghub-automated-tests\gaming-hub-app\node_modules\@wdio\runner\node_modules\@wdio\utils\build\shim.js:270:24)
    at Element.elementErrorHandlerCallback (D:\Project\UEFA\mobile\gaminghub-automated-tests\gaming-hub-app\node_modules\@wdio\runner\node_modules\webdriverio\build\middlewares.js:48:12)
    at Element.waitForDisplayed (D:\Project\UEFA\mobile\gaminghub-automated-tests\gaming-hub-app\node_modules\@wdio\runner\node_modules\webdriverio\build\commands\element\waitForDisplayed.js:45:17)
    at Element.wrapCommandFn (D:\Project\UEFA\mobile\gaminghub-automated-tests\gaming-hub-app\node_modules\@wdio\sync\build\wrapCommand.js:60:23)
    at Element.elementErrorHandlerCallbackFn (D:\Project\UEFA\mobile\gaminghub-automated-tests\gaming-hub-app\node_modules\@wdio\runner\node_modules\webdriverio\build\middlewares.js:24:65)
    at processTicksAndRejections (internal/process/task_queues.js:97:5)
    at Element.waitForDisplayed (D:\Project\UEFA\mobile\gaminghub-automated-tests\gaming-hub-app\node_modules\@wdio\runner\node_modules\webdriverio\build\middlewares.js:48:12)
    at Function.waitAndClick (D:\Project\UEFA\mobile\gaminghub-automated-tests\gaming-hub-app\src\helpers\/actionHelpers.js:58:24)
    at uefaAppPage.clickButton (D:\Project\UEFA\mobile\gaminghub-automated-tests\gaming-hub-app\src\pages\/uefaApp.page.js:366:22)
    at World.<anonymous> (D:\Project\UEFA\mobile\gaminghub-automated-tests\gaming-hub-app\features\step_definitions\/when.steps.js:6:17)
    at World.executeSync (D:\Project\UEFA\mobile\gaminghub-automated-tests\gaming-hub-app\node_modules\@wdio\sync\build\index.js:38:22)
    at D:\Project\UEFA\mobile\gaminghub-automated-tests\gaming-hub-app\node_modules\@wdio\sync\build\index.js:69:73
]]></system-err>
    </testcase>
  </testsuite>
</testsuites>