<?xml version="1.0" encoding="UTF-8"?>
<testsuites>
  <testsuite name="User Login" timestamp="2021-11-09T09:14:32" time="129.937" tests="2" failures="1" errors="1" skipped="0">
    <properties>
      <property name="specId" value="0"/>
      <property name="featureName" value="User Login"/>
      <property name="capabilities" value="f3843b6.android.10"/>
      <property name="featureFile" value=".\features\user-login.feature"/>
    </properties>
    <testcase classname="CucumberJUnitReport-f3843b6.android.10.User Login" name="Login with Email and Password" time="67.732">
      <system-out><![CDATA[
✅ Given I am Anonymous
✅ Given I launch the app✅ And I click 'Main menu icon' button✅ When I click 'Log in' button✅ Then I expect to see 'Log In' screen✅ When I enter "Dinechka70@gmail.com" as an Email✅ And I enter "#Denis2216" as a Password✅ And I click 'Submit' button✅ Then I expect to see 'Home page' screen✅ When I click 'Main menu icon' button✅ Then I expect to see my Username✅ And should be logged in the system

]]></system-out>
    </testcase>
    <testcase classname="CucumberJUnitReport-f3843b6.android.10.User Login" name="Login with Email and Password" time="62.16">
      <failure message="Error: element (&quot;//*[@resource-id=&quot;com.uefa.eurofantasy:id/title&quot;]&quot;) still not displayed after 10000ms"><![CDATA[Error: element ("//*[@resource-id="com.uefa.eurofantasy:id/title"]") still not displayed after 10000ms
    at D:\Project\UEFA\mobile\gaminghub-automated-tests\gaming-hub-app\node_modules\webdriverio\build\commands\browser\waitUntil.js:66:23
    at Element.elementErrorHandlerCallbackFn (D:\Project\UEFA\mobile\gaminghub-automated-tests\gaming-hub-app\node_modules\webdriverio\build\middlewares.js:24:32)
    at Element.runCommandWithHooks (D:\Project\UEFA\mobile\gaminghub-automated-tests\gaming-hub-app\node_modules\@wdio\sync\build\wrapCommand.js:105:25)
    at Element.runCommandWithHooks (D:\Project\UEFA\mobile\gaminghub-automated-tests\gaming-hub-app\node_modules\@wdio\sync\build\wrapCommand.js:100:24)
    at Element.wrapCommandFn (D:\Project\UEFA\mobile\gaminghub-automated-tests\gaming-hub-app\node_modules\@wdio\sync\build\wrapCommand.js:67:44)
    at Element.<anonymous> (D:\Project\UEFA\mobile\gaminghub-automated-tests\gaming-hub-app\node_modules\@wdio\utils\build\shim.js:270:24)
    at Element.elementErrorHandlerCallback (D:\Project\UEFA\mobile\gaminghub-automated-tests\gaming-hub-app\node_modules\webdriverio\build\middlewares.js:48:12)
    at Element.waitForDisplayed (D:\Project\UEFA\mobile\gaminghub-automated-tests\gaming-hub-app\node_modules\webdriverio\build\commands\element\waitForDisplayed.js:39:17)
    at Element.wrapCommandFn (D:\Project\UEFA\mobile\gaminghub-automated-tests\gaming-hub-app\node_modules\@wdio\sync\build\wrapCommand.js:60:23)
    at Element.elementErrorHandlerCallbackFn (D:\Project\UEFA\mobile\gaminghub-automated-tests\gaming-hub-app\node_modules\webdriverio\build\middlewares.js:24:65)
    at processTicksAndRejections (internal/process/task_queues.js:95:5)
    at Element.waitForDisplayed (D:\Project\UEFA\mobile\gaminghub-automated-tests\gaming-hub-app\node_modules\webdriverio\build\middlewares.js:48:12)
    at Function.waitScreen (D:\Project\UEFA\mobile\gaminghub-automated-tests\gaming-hub-app\src\helpers\/actionHelpers.js:70:24)
    at uefaAppPage.seeScreen (D:\Project\UEFA\mobile\gaminghub-automated-tests\gaming-hub-app\src\pages\/uefaApp.page.js:600:29)
    at World.<anonymous> (D:\Project\UEFA\mobile\gaminghub-automated-tests\gaming-hub-app\features\step_definitions\/then.steps.js:6:17)
    at World.executeSync (D:\Project\UEFA\mobile\gaminghub-automated-tests\gaming-hub-app\node_modules\@wdio\sync\build\index.js:38:22)
    at D:\Project\UEFA\mobile\gaminghub-automated-tests\gaming-hub-app\node_modules\@wdio\sync\build\index.js:69:73]]></failure>
      <error message="Error: element (&quot;//*[@resource-id=&quot;com.uefa.eurofantasy:id/title&quot;]&quot;) still not displayed after 10000ms"/>
      <system-out><![CDATA[
✅ Given I am Anonymous
✅ Given I launch the app✅ And I click 'Main menu icon' button✅ When I click 'Log in' button✅ Then I expect to see 'Log In' screen✅ When I enter "test1@mailinator.com" as an Email✅ And I enter "Test123456!" as a Password✅ And I click 'Submit' button❗ Then I expect to see 'Home page' screen⚠️ When I click 'Main menu icon' button
⚠️ Then I expect to see my Username
⚠️ And should be logged in the system
]]></system-out>
      <system-err><![CDATA[
Error: element ("//*[@resource-id="com.uefa.eurofantasy:id/title"]") still not displayed after 10000ms
    at D:\Project\UEFA\mobile\gaminghub-automated-tests\gaming-hub-app\node_modules\webdriverio\build\commands\browser\waitUntil.js:66:23
    at Element.elementErrorHandlerCallbackFn (D:\Project\UEFA\mobile\gaminghub-automated-tests\gaming-hub-app\node_modules\webdriverio\build\middlewares.js:24:32)
    at Element.runCommandWithHooks (D:\Project\UEFA\mobile\gaminghub-automated-tests\gaming-hub-app\node_modules\@wdio\sync\build\wrapCommand.js:105:25)
    at Element.runCommandWithHooks (D:\Project\UEFA\mobile\gaminghub-automated-tests\gaming-hub-app\node_modules\@wdio\sync\build\wrapCommand.js:100:24)
    at Element.wrapCommandFn (D:\Project\UEFA\mobile\gaminghub-automated-tests\gaming-hub-app\node_modules\@wdio\sync\build\wrapCommand.js:67:44)
    at Element.<anonymous> (D:\Project\UEFA\mobile\gaminghub-automated-tests\gaming-hub-app\node_modules\@wdio\utils\build\shim.js:270:24)
    at Element.elementErrorHandlerCallback (D:\Project\UEFA\mobile\gaminghub-automated-tests\gaming-hub-app\node_modules\webdriverio\build\middlewares.js:48:12)
    at Element.waitForDisplayed (D:\Project\UEFA\mobile\gaminghub-automated-tests\gaming-hub-app\node_modules\webdriverio\build\commands\element\waitForDisplayed.js:39:17)
    at Element.wrapCommandFn (D:\Project\UEFA\mobile\gaminghub-automated-tests\gaming-hub-app\node_modules\@wdio\sync\build\wrapCommand.js:60:23)
    at Element.elementErrorHandlerCallbackFn (D:\Project\UEFA\mobile\gaminghub-automated-tests\gaming-hub-app\node_modules\webdriverio\build\middlewares.js:24:65)
    at processTicksAndRejections (internal/process/task_queues.js:95:5)
    at Element.waitForDisplayed (D:\Project\UEFA\mobile\gaminghub-automated-tests\gaming-hub-app\node_modules\webdriverio\build\middlewares.js:48:12)
    at Function.waitScreen (D:\Project\UEFA\mobile\gaminghub-automated-tests\gaming-hub-app\src\helpers\/actionHelpers.js:70:24)
    at uefaAppPage.seeScreen (D:\Project\UEFA\mobile\gaminghub-automated-tests\gaming-hub-app\src\pages\/uefaApp.page.js:600:29)
    at World.<anonymous> (D:\Project\UEFA\mobile\gaminghub-automated-tests\gaming-hub-app\features\step_definitions\/then.steps.js:6:17)
    at World.executeSync (D:\Project\UEFA\mobile\gaminghub-automated-tests\gaming-hub-app\node_modules\@wdio\sync\build\index.js:38:22)
    at D:\Project\UEFA\mobile\gaminghub-automated-tests\gaming-hub-app\node_modules\@wdio\sync\build\index.js:69:73
]]></system-err>
    </testcase>
  </testsuite>
</testsuites>