<?xml version="1.0" encoding="UTF-8"?>
<testsuites>
  <testsuite name="Predictor" timestamp="2021-12-05T20:08:32" time="522.046" tests="5" failures="0" errors="0" skipped="0">
    <properties>
      <property name="specId" value="0"/>
      <property name="featureName" value="Predictor"/>
      <property name="capabilities" value="f3843b6.android.10"/>
      <property name="featureFile" value=".\features\predictor.feature"/>
    </properties>
    <testcase classname="CucumberJUnitReport-f3843b6.android.10.Predictor" name="Check achievements" time="83.761">
      <system-out><![CDATA[
✅ Given I am Authorized user✅ When I click 'Main menu icon' button✅ And I click 'Predictor' link✅ Then I expect to see loading screen
✅ Given I click '3 dots icon Predictor' button✅ And I click 'Achievements Predictor' button✅ Then I expect to see 'Achievements' screen✅ And I expect to see 'All achievements' tab
]]></system-out>
    </testcase>
    <testcase classname="CucumberJUnitReport-f3843b6.android.10.Predictor" name="Make prediction" time="128.607">
      <system-out><![CDATA[
✅ Given I am Authorized user✅ When I click 'Main menu icon' button✅ And I click 'Predictor' link✅ Then I expect to see loading screen
✅ Given I click 'Match result icon' button on first available match✅ Then I expect to see 'match' popup✅ When I scroll first scrore picker to 3✅ And I scroll second score picker to 1✅ Then I expect to see score '1-3'
✅ When I click 'Save prediction' button✅ Then I expect to see message 'Prediction saved'
✅ And I expect to see score '1-3'
✅ When I click 'Play 2x booster' button✅ Then I expect to see that booster activated
]]></system-out>
    </testcase>
    <testcase classname="CucumberJUnitReport-f3843b6.android.10.Predictor" name="Delete prediction" time="89.438">
      <system-out><![CDATA[
✅ Given I am Authorized user✅ When I click 'Main menu icon' button✅ And I click 'Predictor' link✅ Then I expect to see loading screen
✅ Given I click 'Match result icon' button on first available match✅ Then I expect to see 'match' popup✅ When I click 'Reset prediction' button✅ Then I expect to see message 'Prediction deleted'
✅ And I expect ot see empty match score

]]></system-out>
    </testcase>
    <testcase classname="CucumberJUnitReport-f3843b6.android.10.Predictor" name="Create League" time="100.596">
      <system-out><![CDATA[
✅ Given I am Authorized user✅ When I click 'Main menu icon' button✅ And I click 'Predictor' link✅ Then I expect to see loading screen
✅ Given I click 'Leagues Predictor' button✅ Then I expect to see 'Leagues' screen✅ When I click 'Create a league Predictor' button✅ Then I expect to see 'Create a league' popup✅ When I enter 'TestLeague Predictor' as a league name✅ And I click 'Create league Predictor' button✅ Then I expect to see message box 'You created a league'
✅ When I click 'Arrow icon Predictor' button✅ Then I expect to see 'Leagues' screen
]]></system-out>
    </testcase>
    <testcase classname="CucumberJUnitReport-f3843b6.android.10.Predictor" name="Edit and Delete league" time="119.591">
      <system-out><![CDATA[
✅ Given I am Authorized user✅ When I click 'Main menu icon' button✅ And I click 'Predictor' link✅ Then I expect to see loading screen
✅ Given I click 'Leagues Predictor' button✅ Then I expect to see 'Leagues' screen✅ When I click 'View league' button✅ Then I expect to see 'TestLeague' screen✅ When I click 'Settings icon Predictor' button✅ Then I expect to see 'League settings' screen✅ When I click 'Edit settings' button✅ And I delete my league name Predictor✅ And I enter "TestLeague1" as new league name Predictor✅ And I click 'Done settings' button✅ Then I expect to see that league name to be changed to "TestLeague1"
✅ When I click 'Delete league Predictor' button✅ Then I expect to see 'warning league' popup✅ When I click 'Yes, delete' button✅ Then I expect to see message box 'You delete this league'
✅ And I expect to see 'Leagues' screen
]]></system-out>
    </testcase>
  </testsuite>
</testsuites>