<?xml version="1.0" encoding="UTF-8"?>
<testsuites>
  <testsuite name="User Login" timestamp="2021-11-24T09:50:18" time="0.168" tests="2" failures="0" errors="0" skipped="0">
    <properties>
      <property name="specId" value="0"/>
      <property name="featureName" value="User Login"/>
      <property name="capabilities" value="iphone12promax.ios.14_2.ghhostpre-nightly-96d2ae40-4cf9-11ec-9e47-77171022b1e5_ipa"/>
      <property name="featureFile" value=".\features\user-login.feature"/>
    </properties>
    <testcase classname="CucumberJUnitReport-iphone12promax.ios.14_2.ghhostpre-nightly-96d2ae40-4cf9-11ec-9e47-77171022b1e5_ipa.User Login" name="Login with Email and Password" time="0.077">
      <system-out><![CDATA[
✅ Given I am Anonymous
✅ Given I launch the app✅ And I click 'Main menu icon' button✅ When I click 'Log in' button✅ Then I expect to see 'Log In' screen✅ When I enter "kobiton1@mailinator.com" as an Email✅ And I enter "Test123456!" as a Password✅ And I click 'Submit' button✅ Then I expect to see 'Home page' screen✅ When I click 'Main menu icon' button✅ Then I expect to see my Username✅ And should be logged in the system

]]></system-out>
    </testcase>
    <testcase classname="CucumberJUnitReport-iphone12promax.ios.14_2.ghhostpre-nightly-96d2ae40-4cf9-11ec-9e47-77171022b1e5_ipa.User Login" name="Login with Email and Password" time="0.045">
      <system-out><![CDATA[
✅ Given I am Anonymous
✅ Given I launch the app✅ And I click 'Main menu icon' button✅ When I click 'Log in' button✅ Then I expect to see 'Log In' screen✅ When I enter "kobiton2@mailinator.com" as an Email✅ And I enter "Test123456!" as a Password✅ And I click 'Submit' button✅ Then I expect to see 'Home page' screen✅ When I click 'Main menu icon' button✅ Then I expect to see my Username✅ And should be logged in the system
]]></system-out>
    </testcase>
  </testsuite>
</testsuites>