<?xml version="1.0" encoding="UTF-8"?>
<testsuites>
  <testsuite name="Predictor" timestamp="2021-11-10T16:30:31" time="524.31" tests="5" failures="1" errors="1" skipped="0">
    <properties>
      <property name="specId" value="0"/>
      <property name="featureName" value="Predictor"/>
      <property name="capabilities" value="f3843b6.android.10"/>
      <property name="featureFile" value=".\features\predictor.feature"/>
    </properties>
    <testcase classname="CucumberJUnitReport-f3843b6.android.10.Predictor" name="Check achievements" time="82.44">
      <system-out><![CDATA[
✅ Given I am Authorized user✅ When I click 'Main menu icon' button✅ And I click 'Predictor' link✅ Then I expect to see loading screen
✅ Given I click '3 dots icon Predictor' button✅ And I click 'Achievements Predictor' button✅ Then I expect to see 'Achievements' screen✅ And I expect to see 'All achievements' tab
]]></system-out>
    </testcase>
    <testcase classname="CucumberJUnitReport-f3843b6.android.10.Predictor" name="Make prediction" time="132.349">
      <failure message="Error: element (&quot;(//*[@class='android.view.ViewGroup'][@index=0])/android.widget.TextView[@text='Play 2x booster']&quot;) still not displayed after 10000ms"><![CDATA[Error: element ("(//*[@class='android.view.ViewGroup'][@index=0])/android.widget.TextView[@text='Play 2x booster']") still not displayed after 10000ms
    at D:\Project\UEFA\mobile\gaminghub-automated-tests\gaming-hub-app\node_modules\webdriverio\build\commands\browser\waitUntil.js:66:23
    at Element.elementErrorHandlerCallbackFn (D:\Project\UEFA\mobile\gaminghub-automated-tests\gaming-hub-app\node_modules\webdriverio\build\middlewares.js:24:32)
    at Element.runCommandWithHooks (D:\Project\UEFA\mobile\gaminghub-automated-tests\gaming-hub-app\node_modules\@wdio\sync\build\wrapCommand.js:105:25)
    at Element.runCommandWithHooks (D:\Project\UEFA\mobile\gaminghub-automated-tests\gaming-hub-app\node_modules\@wdio\sync\build\wrapCommand.js:100:24)
    at Element.wrapCommandFn (D:\Project\UEFA\mobile\gaminghub-automated-tests\gaming-hub-app\node_modules\@wdio\sync\build\wrapCommand.js:67:44)
    at Element.<anonymous> (D:\Project\UEFA\mobile\gaminghub-automated-tests\gaming-hub-app\node_modules\@wdio\utils\build\shim.js:270:24)
    at Element.elementErrorHandlerCallback (D:\Project\UEFA\mobile\gaminghub-automated-tests\gaming-hub-app\node_modules\webdriverio\build\middlewares.js:48:12)
    at Element.waitForDisplayed (D:\Project\UEFA\mobile\gaminghub-automated-tests\gaming-hub-app\node_modules\webdriverio\build\commands\element\waitForDisplayed.js:39:17)
    at Element.wrapCommandFn (D:\Project\UEFA\mobile\gaminghub-automated-tests\gaming-hub-app\node_modules\@wdio\sync\build\wrapCommand.js:60:23)
    at Element.elementErrorHandlerCallbackFn (D:\Project\UEFA\mobile\gaminghub-automated-tests\gaming-hub-app\node_modules\webdriverio\build\middlewares.js:24:65)
    at processTicksAndRejections (internal/process/task_queues.js:95:5)
    at Element.waitForDisplayed (D:\Project\UEFA\mobile\gaminghub-automated-tests\gaming-hub-app\node_modules\webdriverio\build\middlewares.js:48:12)
    at Function.waitAndClick (D:\Project\UEFA\mobile\gaminghub-automated-tests\gaming-hub-app\src\helpers\/actionHelpers.js:58:24)
    at uefaAppPage.clickButton (D:\Project\UEFA\mobile\gaminghub-automated-tests\gaming-hub-app\src\pages\/uefaApp.page.js:366:22)
    at World.<anonymous> (D:\Project\UEFA\mobile\gaminghub-automated-tests\gaming-hub-app\features\step_definitions\/when.steps.js:6:17)
    at World.executeSync (D:\Project\UEFA\mobile\gaminghub-automated-tests\gaming-hub-app\node_modules\@wdio\sync\build\index.js:38:22)
    at D:\Project\UEFA\mobile\gaminghub-automated-tests\gaming-hub-app\node_modules\@wdio\sync\build\index.js:69:73]]></failure>
      <error message="Error: element (&quot;(//*[@class='android.view.ViewGroup'][@index=0])/android.widget.TextView[@text='Play 2x booster']&quot;) still not displayed after 10000ms"/>
      <system-out><![CDATA[
✅ Given I am Authorized user✅ When I click 'Main menu icon' button✅ And I click 'Predictor' link✅ Then I expect to see loading screen
✅ Given I click 'Match result icon' button on first available match✅ Then I expect to see 'match' popup✅ When I scroll first scrore picker to 3✅ And I scroll second score picker to 1✅ Then I expect to see score '1-3'
✅ When I click 'Save prediction' button✅ Then I expect to see message 'Prediction saved'
✅ And I expect to see score '1-3'
❗ When I click 'Play 2x booster' button⚠️ Then I expect to see that booster activated

]]></system-out>
      <system-err><![CDATA[
Error: element ("(//*[@class='android.view.ViewGroup'][@index=0])/android.widget.TextView[@text='Play 2x booster']") still not displayed after 10000ms
    at D:\Project\UEFA\mobile\gaminghub-automated-tests\gaming-hub-app\node_modules\webdriverio\build\commands\browser\waitUntil.js:66:23
    at Element.elementErrorHandlerCallbackFn (D:\Project\UEFA\mobile\gaminghub-automated-tests\gaming-hub-app\node_modules\webdriverio\build\middlewares.js:24:32)
    at Element.runCommandWithHooks (D:\Project\UEFA\mobile\gaminghub-automated-tests\gaming-hub-app\node_modules\@wdio\sync\build\wrapCommand.js:105:25)
    at Element.runCommandWithHooks (D:\Project\UEFA\mobile\gaminghub-automated-tests\gaming-hub-app\node_modules\@wdio\sync\build\wrapCommand.js:100:24)
    at Element.wrapCommandFn (D:\Project\UEFA\mobile\gaminghub-automated-tests\gaming-hub-app\node_modules\@wdio\sync\build\wrapCommand.js:67:44)
    at Element.<anonymous> (D:\Project\UEFA\mobile\gaminghub-automated-tests\gaming-hub-app\node_modules\@wdio\utils\build\shim.js:270:24)
    at Element.elementErrorHandlerCallback (D:\Project\UEFA\mobile\gaminghub-automated-tests\gaming-hub-app\node_modules\webdriverio\build\middlewares.js:48:12)
    at Element.waitForDisplayed (D:\Project\UEFA\mobile\gaminghub-automated-tests\gaming-hub-app\node_modules\webdriverio\build\commands\element\waitForDisplayed.js:39:17)
    at Element.wrapCommandFn (D:\Project\UEFA\mobile\gaminghub-automated-tests\gaming-hub-app\node_modules\@wdio\sync\build\wrapCommand.js:60:23)
    at Element.elementErrorHandlerCallbackFn (D:\Project\UEFA\mobile\gaminghub-automated-tests\gaming-hub-app\node_modules\webdriverio\build\middlewares.js:24:65)
    at processTicksAndRejections (internal/process/task_queues.js:95:5)
    at Element.waitForDisplayed (D:\Project\UEFA\mobile\gaminghub-automated-tests\gaming-hub-app\node_modules\webdriverio\build\middlewares.js:48:12)
    at Function.waitAndClick (D:\Project\UEFA\mobile\gaminghub-automated-tests\gaming-hub-app\src\helpers\/actionHelpers.js:58:24)
    at uefaAppPage.clickButton (D:\Project\UEFA\mobile\gaminghub-automated-tests\gaming-hub-app\src\pages\/uefaApp.page.js:366:22)
    at World.<anonymous> (D:\Project\UEFA\mobile\gaminghub-automated-tests\gaming-hub-app\features\step_definitions\/when.steps.js:6:17)
    at World.executeSync (D:\Project\UEFA\mobile\gaminghub-automated-tests\gaming-hub-app\node_modules\@wdio\sync\build\index.js:38:22)
    at D:\Project\UEFA\mobile\gaminghub-automated-tests\gaming-hub-app\node_modules\@wdio\sync\build\index.js:69:73
]]></system-err>
    </testcase>
    <testcase classname="CucumberJUnitReport-f3843b6.android.10.Predictor" name="Delete prediction" time="88.477">
      <system-out><![CDATA[
✅ Given I am Authorized user✅ When I click 'Main menu icon' button✅ And I click 'Predictor' link✅ Then I expect to see loading screen
✅ Given I click 'Match result icon' button on first available match✅ Then I expect to see 'match' popup✅ When I click 'Reset prediction' button✅ Then I expect to see message 'Prediction deleted'
✅ And I expect ot see empty match score

]]></system-out>
    </testcase>
    <testcase classname="CucumberJUnitReport-f3843b6.android.10.Predictor" name="Create League" time="104.925">
      <system-out><![CDATA[
✅ Given I am Authorized user✅ When I click 'Main menu icon' button✅ And I click 'Predictor' link✅ Then I expect to see loading screen
✅ Given I click 'Leagues Predictor' button✅ Then I expect to see 'Leagues' screen✅ When I click 'Create a league Predictor' button✅ Then I expect to see 'Create a league' popup✅ When I enter 'TestLeague Predictor' as a league name✅ And I click 'Create league Predictor' button✅ Then I expect to see message box 'You created a league'
✅ When I click 'Arrow icon Predictor' button✅ Then I expect to see 'Leagues' screen
]]></system-out>
    </testcase>
    <testcase classname="CucumberJUnitReport-f3843b6.android.10.Predictor" name="Edit and Delete league" time="116.051">
      <system-out><![CDATA[
✅ Given I am Authorized user✅ When I click 'Main menu icon' button✅ And I click 'Predictor' link✅ Then I expect to see loading screen
✅ Given I click 'Leagues Predictor' button✅ Then I expect to see 'Leagues' screen✅ When I click 'View league' button✅ Then I expect to see 'TestLeague' screen✅ When I click 'Settings icon Predictor' button✅ Then I expect to see 'League settings' screen✅ When I click 'Edit settings' button✅ And I delete my league name Predictor✅ And I enter "TestLeague1" as new league name Predictor✅ And I click 'Done settings' button✅ Then I expect to see that league name to be changed to "TestLeague1"
✅ When I click 'Delete league Predictor' button✅ Then I expect to see 'warning league' popup✅ When I click 'Yes, delete' button✅ Then I expect to see message box 'You delete this league'
✅ And I expect to see 'Leagues' screen
]]></system-out>
    </testcase>
  </testsuite>
</testsuites>